<?xml version="1.0" encoding="UTF-8"?>
<!-- Generated by org.testng.reporters.JUnitReportReporter -->
<testsuite hostname="LAPTOP-0BIM7R4M" failures="0" tests="1" name="com.Vpay.testcases.WFAdminLogin" time="19.889" errors="0" timestamp="2020-09-07T14:46:12 IST" skipped="0">
  <testcase classname="com.Vpay.testcases.WFAdminLogin" name="LogIn" time="19.889"/>
  <system-out/>
</testsuite> <!-- com.Vpay.testcases.WFAdminLogin -->
