<?xml version="1.0" encoding="UTF-8"?>
<!-- Generated by org.testng.reporters.JUnitReportReporter -->
<testsuite hostname="LAPTOP-0BIM7R4M" failures="0" tests="1" name="com.Vpay.pages.BaseClass" time="11.493" errors="0" timestamp="2020-09-14T15:18:20 IST" skipped="0">
  <testcase classname="com.Vpay.pages.BaseClass" name="setup" time="11.493"/>
  <system-out/>
</testsuite> <!-- com.Vpay.pages.BaseClass -->
