<?xml version="1.0" encoding="UTF-8"?>
<!-- Generated by org.testng.reporters.JUnitReportReporter -->
<testsuite hostname="LAPTOP-0BIM7R4M" failures="0" tests="1" name="com.Vpay.testcases.LogIn" time="19.149" errors="0" timestamp="2020-10-07T10:39:53 IST" skipped="0">
  <testcase classname="com.Vpay.testcases.LogIn" name="adminloginapp" time="19.149"/>
  <system-out/>
</testsuite> <!-- com.Vpay.testcases.LogIn -->
