<?xml version="1.0" encoding="UTF-8"?>
<!-- Generated by org.testng.reporters.JUnitReportReporter -->
<testsuite hostname="LAPTOP-0BIM7R4M" failures="0" tests="1" name="com.Vpay.testcases.CreateServiceProvider" time="25.252" errors="0" timestamp="2020-09-18T17:26:10 IST" skipped="0">
  <testcase classname="com.Vpay.testcases.CreateServiceProvider" name="serviceprovidercreation" time="25.252"/>
  <system-out/>
</testsuite> <!-- com.Vpay.testcases.CreateServiceProvider -->
